<?xml version="1.0" encoding="UTF-8"?>
<!-- Generated by org.testng.reporters.JUnitReportReporter -->
<testsuite hostname="DESKTOP-UV3GUN9" failures="0" tests="1" name="com.mindtree.runner.TestRunner" time="60.390" errors="0" timestamp="2021-09-27T07:49:06 IST" skipped="0">
  <testcase classname="com.mindtree.runner.TestRunner" name="android_app" time="60.390"/>
  <system-out/>
</testsuite> <!-- com.mindtree.runner.TestRunner -->
