<?xml version="1.0" encoding="UTF-8"?>
<!-- Generated by org.testng.reporters.JUnitReportReporter -->
<testsuite skipped="0" hostname="DESKTOP-UV3GUN9" name="pack.CComprehensive1.AppTest" tests="1" failures="0" timestamp="2021-09-26T19:19:56 IST" time="0.011" errors="0">
  <testcase name="shouldAnswerWithTrue" time="0.011" classname="pack.CComprehensive1.AppTest"/>
  <system-out/>
</testsuite> <!-- pack.CComprehensive1.AppTest -->
